<?xml version="1.0" encoding="UTF-8"?>
<testng-results ignored="0" total="1" passed="1" failed="0" skipped="0">
  <reporter-output>
  </reporter-output>
  <suite started-at="2025-08-10T18:30:06 EEST" name="Default suite" finished-at="2025-08-10T18:30:26 EEST" duration-ms="20264">
    <groups>
    </groups>
    <test started-at="2025-08-10T18:30:06 EEST" name="Default test" finished-at="2025-08-10T18:30:26 EEST" duration-ms="20264">
      <class name="testCases.TestCase6">
        <test-method is-config="true" signature="beforeTest()[pri:0, instance:testCases.TestCase6@ccb4b1b]" started-at="2025-08-10T18:30:06 EEST" name="beforeTest" finished-at="2025-08-10T18:30:15 EEST" duration-ms="9728" status="PASS">
          <reporter-output>
          </reporter-output>
        </test-method> <!-- beforeTest -->
        <test-method signature="TestContactUs()[pri:0, instance:testCases.TestCase6@ccb4b1b]" started-at="2025-08-10T18:30:15 EEST" name="TestContactUs" finished-at="2025-08-10T18:30:25 EEST" duration-ms="10055" status="PASS">
          <reporter-output>
          </reporter-output>
        </test-method> <!-- TestContactUs -->
        <test-method is-config="true" signature="afterTest()[pri:0, instance:testCases.TestCase6@ccb4b1b]" started-at="2025-08-10T18:30:25 EEST" name="afterTest" finished-at="2025-08-10T18:30:26 EEST" duration-ms="458" status="PASS">
          <reporter-output>
          </reporter-output>
        </test-method> <!-- afterTest -->
      </class> <!-- testCases.TestCase6 -->
    </test> <!-- Default test -->
  </suite> <!-- Default suite -->
</testng-results>
