<?xml version="1.0" encoding="UTF-8"?>
<testng-results ignored="0" total="1" passed="1" failed="0" skipped="0">
  <reporter-output>
  </reporter-output>
  <suite started-at="2025-08-10T19:23:57 EEST" name="Default suite" finished-at="2025-08-10T19:24:33 EEST" duration-ms="36461">
    <groups>
    </groups>
    <test started-at="2025-08-10T19:23:57 EEST" name="Default test" finished-at="2025-08-10T19:24:33 EEST" duration-ms="36461">
      <class name="testCases.TestCase2">
        <test-method is-config="true" signature="openBrowser()[pri:0, instance:testCases.TestCase2@1c1bbc4e]" started-at="2025-08-10T19:23:57 EEST" name="openBrowser" finished-at="2025-08-10T19:24:14 EEST" duration-ms="17530" status="PASS">
          <reporter-output>
          </reporter-output>
        </test-method> <!-- openBrowser -->
        <test-method signature="LoginCorrectEmailPassword(java.lang.String,java.lang.String)[pri:0, instance:testCases.TestCase2@1c1bbc4e]" started-at="2025-08-10T19:24:14 EEST" name="LoginCorrectEmailPassword" data-provider="dp" finished-at="2025-08-10T19:24:33 EEST" duration-ms="18810" status="PASS">
          <params>
            <param index="0">
              <value>
                <![CDATA[antoinemageud@icloud.com]]>
              </value>
            </param>
            <param index="1">
              <value>
                <![CDATA[111]]>
              </value>
            </param>
          </params>
          <reporter-output>
          </reporter-output>
        </test-method> <!-- LoginCorrectEmailPassword -->
        <test-method is-config="true" signature="takeScreenShot(org.testng.ITestResult)[pri:0, instance:testCases.TestCase2@1c1bbc4e]" started-at="2025-08-10T19:24:33 EEST" name="takeScreenShot" finished-at="2025-08-10T19:24:33 EEST" duration-ms="0" status="PASS">
          <params>
            <param index="0">
              <value>
                <![CDATA[[TestResult name=LoginCorrectEmailPassword status=SUCCESS method=TestCase2.LoginCorrectEmailPassword(java.lang.String,java.lang.String)[pri:0, instance:testCases.TestCase2@1c1bbc4e] output={null}]]]>
              </value>
            </param>
          </params>
          <reporter-output>
          </reporter-output>
        </test-method> <!-- takeScreenShot -->
        <test-method is-config="true" signature="closeBrowser()[pri:0, instance:testCases.TestCase2@1c1bbc4e]" started-at="2025-08-10T19:24:33 EEST" name="closeBrowser" finished-at="2025-08-10T19:24:33 EEST" duration-ms="102" status="PASS">
          <reporter-output>
          </reporter-output>
        </test-method> <!-- closeBrowser -->
      </class> <!-- testCases.TestCase2 -->
    </test> <!-- Default test -->
  </suite> <!-- Default suite -->
</testng-results>
